INFO [2025-07-07 11:16:09] $x
INFO [2025-07-07 11:16:09] list(early_ToDs_yang, early_ToDs_TC, early_ToDs_MC)
INFO [2025-07-07 11:16:09] 
INFO [2025-07-07 11:16:09] $category.names
INFO [2025-07-07 11:16:09] c("Yang Data", "Leeb TC Data", "Leeb MC Data")
INFO [2025-07-07 11:16:09] 
INFO [2025-07-07 11:16:09] $filename
INFO [2025-07-07 11:16:09] [1] "../../Documents/ComputationalBiologyMaster/Master_Thesis/figures/early_tods_venn_diagram.svg"
INFO [2025-07-07 11:16:09] 
INFO [2025-07-07 11:16:09] $output
INFO [2025-07-07 11:16:09] [1] TRUE
INFO [2025-07-07 11:16:09] 
INFO [2025-07-07 11:16:09] $imagetype
INFO [2025-07-07 11:16:09] [1] "svg"
INFO [2025-07-07 11:16:09] 
INFO [2025-07-07 11:16:09] $height
INFO [2025-07-07 11:16:09] [1] 8
INFO [2025-07-07 11:16:09] 
INFO [2025-07-07 11:16:09] $width
INFO [2025-07-07 11:16:09] [1] 8
INFO [2025-07-07 11:16:09] 
INFO [2025-07-07 11:16:09] $resolution
INFO [2025-07-07 11:16:09] [1] 300
INFO [2025-07-07 11:16:09] 
INFO [2025-07-07 11:16:09] $compression
INFO [2025-07-07 11:16:09] [1] "lzw"
INFO [2025-07-07 11:16:09] 
INFO [2025-07-07 11:16:09] $lwd
INFO [2025-07-07 11:16:09] [1] 2
INFO [2025-07-07 11:16:09] 
INFO [2025-07-07 11:16:09] $lty
INFO [2025-07-07 11:16:09] [1] "blank"
INFO [2025-07-07 11:16:09] 
INFO [2025-07-07 11:16:09] $fill
INFO [2025-07-07 11:16:09] RColorBrewer::brewer.pal(3, "Pastel2")
INFO [2025-07-07 11:16:09] 
INFO [2025-07-07 11:16:09] $cex
INFO [2025-07-07 11:16:09] [1] 2
INFO [2025-07-07 11:16:09] 
INFO [2025-07-07 11:16:09] $fontface
INFO [2025-07-07 11:16:09] [1] "bold"
INFO [2025-07-07 11:16:09] 
INFO [2025-07-07 11:16:09] $fontfamily
INFO [2025-07-07 11:16:09] [1] "sans"
INFO [2025-07-07 11:16:09] 
INFO [2025-07-07 11:16:09] $cat.cex
INFO [2025-07-07 11:16:09] [1] 2
INFO [2025-07-07 11:16:09] 
INFO [2025-07-07 11:16:09] $cat.fontface
INFO [2025-07-07 11:16:09] [1] "bold"
INFO [2025-07-07 11:16:09] 
INFO [2025-07-07 11:16:09] $cat.default.pos
INFO [2025-07-07 11:16:09] [1] "outer"
INFO [2025-07-07 11:16:09] 
INFO [2025-07-07 11:16:09] $cat.pos
INFO [2025-07-07 11:16:09] c(-27, 27, 135)
INFO [2025-07-07 11:16:09] 
INFO [2025-07-07 11:16:09] $cat.dist
INFO [2025-07-07 11:16:09] c(0.055, 0.055, 0.085)
INFO [2025-07-07 11:16:09] 
INFO [2025-07-07 11:16:09] $cat.fontfamily
INFO [2025-07-07 11:16:09] [1] "sans"
INFO [2025-07-07 11:16:09] 
INFO [2025-07-07 11:16:09] $rotation
INFO [2025-07-07 11:16:09] [1] 1
INFO [2025-07-07 11:16:09] 
