INFO [2025-07-06 21:44:55] $x
INFO [2025-07-06 21:44:55] list(early_ToDs_yang, early_ToDs_TC, early_ToDs_MC)
INFO [2025-07-06 21:44:55] 
INFO [2025-07-06 21:44:55] $category.names
INFO [2025-07-06 21:44:55] c("Yang Data", "Leeb TC Data", "Leeb MC Data")
INFO [2025-07-06 21:44:55] 
INFO [2025-07-06 21:44:55] $filename
INFO [2025-07-06 21:44:55] [1] "../../Documents/ComputationalBiologyMaster/Master_Thesis/figures/early_tods_venn_diagram.svg"
INFO [2025-07-06 21:44:55] 
INFO [2025-07-06 21:44:55] $output
INFO [2025-07-06 21:44:55] [1] TRUE
INFO [2025-07-06 21:44:55] 
INFO [2025-07-06 21:44:55] $imagetype
INFO [2025-07-06 21:44:55] [1] "svg"
INFO [2025-07-06 21:44:55] 
INFO [2025-07-06 21:44:55] $height
INFO [2025-07-06 21:44:55] [1] 8
INFO [2025-07-06 21:44:55] 
INFO [2025-07-06 21:44:55] $width
INFO [2025-07-06 21:44:55] [1] 8
INFO [2025-07-06 21:44:55] 
INFO [2025-07-06 21:44:55] $resolution
INFO [2025-07-06 21:44:55] [1] 300
INFO [2025-07-06 21:44:55] 
INFO [2025-07-06 21:44:55] $compression
INFO [2025-07-06 21:44:55] [1] "lzw"
INFO [2025-07-06 21:44:55] 
INFO [2025-07-06 21:44:55] $lwd
INFO [2025-07-06 21:44:55] [1] 2
INFO [2025-07-06 21:44:55] 
INFO [2025-07-06 21:44:55] $lty
INFO [2025-07-06 21:44:55] [1] "blank"
INFO [2025-07-06 21:44:55] 
INFO [2025-07-06 21:44:55] $fill
INFO [2025-07-06 21:44:55] RColorBrewer::brewer.pal(3, "Pastel2")
INFO [2025-07-06 21:44:55] 
INFO [2025-07-06 21:44:55] $cex
INFO [2025-07-06 21:44:55] [1] 2
INFO [2025-07-06 21:44:55] 
INFO [2025-07-06 21:44:55] $fontface
INFO [2025-07-06 21:44:55] [1] "bold"
INFO [2025-07-06 21:44:55] 
INFO [2025-07-06 21:44:55] $fontfamily
INFO [2025-07-06 21:44:55] [1] "sans"
INFO [2025-07-06 21:44:55] 
INFO [2025-07-06 21:44:55] $cat.cex
INFO [2025-07-06 21:44:55] [1] 2
INFO [2025-07-06 21:44:55] 
INFO [2025-07-06 21:44:55] $cat.fontface
INFO [2025-07-06 21:44:55] [1] "bold"
INFO [2025-07-06 21:44:55] 
INFO [2025-07-06 21:44:55] $cat.default.pos
INFO [2025-07-06 21:44:55] [1] "outer"
INFO [2025-07-06 21:44:55] 
INFO [2025-07-06 21:44:55] $cat.pos
INFO [2025-07-06 21:44:55] c(-27, 27, 135)
INFO [2025-07-06 21:44:55] 
INFO [2025-07-06 21:44:55] $cat.dist
INFO [2025-07-06 21:44:55] c(0.055, 0.055, 0.085)
INFO [2025-07-06 21:44:55] 
INFO [2025-07-06 21:44:55] $cat.fontfamily
INFO [2025-07-06 21:44:55] [1] "sans"
INFO [2025-07-06 21:44:55] 
INFO [2025-07-06 21:44:55] $rotation
INFO [2025-07-06 21:44:55] [1] 1
INFO [2025-07-06 21:44:55] 
