INFO [2025-07-06 21:42:11] $x
INFO [2025-07-06 21:42:11] list(early_ToDs_yang, early_ToDs_TC, early_ToDs_MC)
INFO [2025-07-06 21:42:11] 
INFO [2025-07-06 21:42:11] $category.names
INFO [2025-07-06 21:42:11] c("Yang Data", "Leeb TC Data", "Leeb MC Data")
INFO [2025-07-06 21:42:11] 
INFO [2025-07-06 21:42:11] $filename
INFO [2025-07-06 21:42:11] [1] "../../Documents/ComputationalBiologyMaster/Master_Thesis/figures/early_tods_venn_diagram.svg"
INFO [2025-07-06 21:42:11] 
INFO [2025-07-06 21:42:11] $output
INFO [2025-07-06 21:42:11] [1] TRUE
INFO [2025-07-06 21:42:11] 
INFO [2025-07-06 21:42:11] $imagetype
INFO [2025-07-06 21:42:11] [1] "svg"
INFO [2025-07-06 21:42:11] 
INFO [2025-07-06 21:42:11] $height
INFO [2025-07-06 21:42:11] [1] 8
INFO [2025-07-06 21:42:11] 
INFO [2025-07-06 21:42:11] $width
INFO [2025-07-06 21:42:11] [1] 8
INFO [2025-07-06 21:42:11] 
INFO [2025-07-06 21:42:11] $resolution
INFO [2025-07-06 21:42:11] [1] 300
INFO [2025-07-06 21:42:11] 
INFO [2025-07-06 21:42:11] $compression
INFO [2025-07-06 21:42:11] [1] "lzw"
INFO [2025-07-06 21:42:11] 
INFO [2025-07-06 21:42:11] $lwd
INFO [2025-07-06 21:42:11] [1] 2
INFO [2025-07-06 21:42:11] 
INFO [2025-07-06 21:42:11] $lty
INFO [2025-07-06 21:42:11] [1] "blank"
INFO [2025-07-06 21:42:11] 
INFO [2025-07-06 21:42:11] $fill
INFO [2025-07-06 21:42:11] RColorBrewer::brewer.pal(3, "Pastel2")
INFO [2025-07-06 21:42:11] 
INFO [2025-07-06 21:42:11] $cex
INFO [2025-07-06 21:42:11] [1] 0.6
INFO [2025-07-06 21:42:11] 
INFO [2025-07-06 21:42:11] $fontface
INFO [2025-07-06 21:42:11] [1] "bold"
INFO [2025-07-06 21:42:11] 
INFO [2025-07-06 21:42:11] $fontfamily
INFO [2025-07-06 21:42:11] [1] "sans"
INFO [2025-07-06 21:42:11] 
INFO [2025-07-06 21:42:11] $cat.cex
INFO [2025-07-06 21:42:11] [1] 0.6
INFO [2025-07-06 21:42:11] 
INFO [2025-07-06 21:42:11] $cat.fontface
INFO [2025-07-06 21:42:11] [1] "bold"
INFO [2025-07-06 21:42:11] 
INFO [2025-07-06 21:42:11] $cat.default.pos
INFO [2025-07-06 21:42:11] [1] "outer"
INFO [2025-07-06 21:42:11] 
INFO [2025-07-06 21:42:11] $cat.pos
INFO [2025-07-06 21:42:11] c(-27, 27, 135)
INFO [2025-07-06 21:42:11] 
INFO [2025-07-06 21:42:11] $cat.dist
INFO [2025-07-06 21:42:11] c(0.055, 0.055, 0.085)
INFO [2025-07-06 21:42:11] 
INFO [2025-07-06 21:42:11] $cat.fontfamily
INFO [2025-07-06 21:42:11] [1] "sans"
INFO [2025-07-06 21:42:11] 
INFO [2025-07-06 21:42:11] $rotation
INFO [2025-07-06 21:42:11] [1] 1
INFO [2025-07-06 21:42:11] 
