INFO [2025-07-06 21:43:58] $x
INFO [2025-07-06 21:43:58] list(early_ToDs_yang, early_ToDs_TC, early_ToDs_MC)
INFO [2025-07-06 21:43:58] 
INFO [2025-07-06 21:43:58] $category.names
INFO [2025-07-06 21:43:58] c("Yang Data", "Leeb TC Data", "Leeb MC Data")
INFO [2025-07-06 21:43:58] 
INFO [2025-07-06 21:43:58] $filename
INFO [2025-07-06 21:43:58] [1] "../../Documents/ComputationalBiologyMaster/Master_Thesis/figures/early_tods_venn_diagram.svg"
INFO [2025-07-06 21:43:58] 
INFO [2025-07-06 21:43:58] $output
INFO [2025-07-06 21:43:58] [1] TRUE
INFO [2025-07-06 21:43:58] 
INFO [2025-07-06 21:43:58] $imagetype
INFO [2025-07-06 21:43:58] [1] "svg"
INFO [2025-07-06 21:43:58] 
INFO [2025-07-06 21:43:58] $height
INFO [2025-07-06 21:43:58] [1] 8
INFO [2025-07-06 21:43:58] 
INFO [2025-07-06 21:43:58] $width
INFO [2025-07-06 21:43:58] [1] 8
INFO [2025-07-06 21:43:58] 
INFO [2025-07-06 21:43:58] $resolution
INFO [2025-07-06 21:43:58] [1] 300
INFO [2025-07-06 21:43:58] 
INFO [2025-07-06 21:43:58] $compression
INFO [2025-07-06 21:43:58] [1] "lzw"
INFO [2025-07-06 21:43:58] 
INFO [2025-07-06 21:43:58] $lwd
INFO [2025-07-06 21:43:58] [1] 2
INFO [2025-07-06 21:43:58] 
INFO [2025-07-06 21:43:58] $lty
INFO [2025-07-06 21:43:58] [1] "blank"
INFO [2025-07-06 21:43:58] 
INFO [2025-07-06 21:43:58] $fill
INFO [2025-07-06 21:43:58] RColorBrewer::brewer.pal(3, "Pastel2")
INFO [2025-07-06 21:43:58] 
INFO [2025-07-06 21:43:58] $cex
INFO [2025-07-06 21:43:58] [1] 0.6
INFO [2025-07-06 21:43:58] 
INFO [2025-07-06 21:43:58] $fontface
INFO [2025-07-06 21:43:58] [1] "bold"
INFO [2025-07-06 21:43:58] 
INFO [2025-07-06 21:43:58] $fontfamily
INFO [2025-07-06 21:43:58] [1] "sans"
INFO [2025-07-06 21:43:58] 
INFO [2025-07-06 21:43:58] $cat.cex
INFO [2025-07-06 21:43:58] [1] 3
INFO [2025-07-06 21:43:58] 
INFO [2025-07-06 21:43:58] $cat.fontface
INFO [2025-07-06 21:43:58] [1] "bold"
INFO [2025-07-06 21:43:58] 
INFO [2025-07-06 21:43:58] $cat.default.pos
INFO [2025-07-06 21:43:58] [1] "outer"
INFO [2025-07-06 21:43:58] 
INFO [2025-07-06 21:43:58] $cat.pos
INFO [2025-07-06 21:43:58] c(-27, 27, 135)
INFO [2025-07-06 21:43:58] 
INFO [2025-07-06 21:43:58] $cat.dist
INFO [2025-07-06 21:43:58] c(0.055, 0.055, 0.085)
INFO [2025-07-06 21:43:58] 
INFO [2025-07-06 21:43:58] $cat.fontfamily
INFO [2025-07-06 21:43:58] [1] "sans"
INFO [2025-07-06 21:43:58] 
INFO [2025-07-06 21:43:58] $rotation
INFO [2025-07-06 21:43:58] [1] 1
INFO [2025-07-06 21:43:58] 
