INFO [2025-07-07 10:19:30] $x
INFO [2025-07-07 10:19:30] list(early_ToDs_yang, early_ToDs_TC, early_ToDs_MC)
INFO [2025-07-07 10:19:30] 
INFO [2025-07-07 10:19:30] $category.names
INFO [2025-07-07 10:19:30] c("Yang Data", "Leeb TC Data", "Leeb MC Data")
INFO [2025-07-07 10:19:30] 
INFO [2025-07-07 10:19:30] $filename
INFO [2025-07-07 10:19:30] [1] "../../Documents/ComputationalBiologyMaster/Master_Thesis/figures/early_tods_venn_diagram.svg"
INFO [2025-07-07 10:19:30] 
INFO [2025-07-07 10:19:30] $output
INFO [2025-07-07 10:19:30] [1] TRUE
INFO [2025-07-07 10:19:30] 
INFO [2025-07-07 10:19:30] $imagetype
INFO [2025-07-07 10:19:30] [1] "svg"
INFO [2025-07-07 10:19:30] 
INFO [2025-07-07 10:19:30] $height
INFO [2025-07-07 10:19:30] [1] 8
INFO [2025-07-07 10:19:30] 
INFO [2025-07-07 10:19:30] $width
INFO [2025-07-07 10:19:30] [1] 8
INFO [2025-07-07 10:19:30] 
INFO [2025-07-07 10:19:30] $resolution
INFO [2025-07-07 10:19:30] [1] 300
INFO [2025-07-07 10:19:30] 
INFO [2025-07-07 10:19:30] $compression
INFO [2025-07-07 10:19:30] [1] "lzw"
INFO [2025-07-07 10:19:30] 
INFO [2025-07-07 10:19:30] $lwd
INFO [2025-07-07 10:19:30] [1] 2
INFO [2025-07-07 10:19:30] 
INFO [2025-07-07 10:19:30] $lty
INFO [2025-07-07 10:19:30] [1] "blank"
INFO [2025-07-07 10:19:30] 
INFO [2025-07-07 10:19:30] $fill
INFO [2025-07-07 10:19:30] RColorBrewer::brewer.pal(3, "Pastel2")
INFO [2025-07-07 10:19:30] 
INFO [2025-07-07 10:19:30] $cex
INFO [2025-07-07 10:19:30] [1] 2
INFO [2025-07-07 10:19:30] 
INFO [2025-07-07 10:19:30] $fontface
INFO [2025-07-07 10:19:30] [1] "bold"
INFO [2025-07-07 10:19:30] 
INFO [2025-07-07 10:19:30] $fontfamily
INFO [2025-07-07 10:19:30] [1] "sans"
INFO [2025-07-07 10:19:30] 
INFO [2025-07-07 10:19:30] $cat.cex
INFO [2025-07-07 10:19:30] [1] 2
INFO [2025-07-07 10:19:30] 
INFO [2025-07-07 10:19:30] $cat.fontface
INFO [2025-07-07 10:19:30] [1] "bold"
INFO [2025-07-07 10:19:30] 
INFO [2025-07-07 10:19:30] $cat.default.pos
INFO [2025-07-07 10:19:30] [1] "outer"
INFO [2025-07-07 10:19:30] 
INFO [2025-07-07 10:19:30] $cat.pos
INFO [2025-07-07 10:19:30] c(-27, 27, 135)
INFO [2025-07-07 10:19:30] 
INFO [2025-07-07 10:19:30] $cat.dist
INFO [2025-07-07 10:19:30] c(0.055, 0.055, 0.085)
INFO [2025-07-07 10:19:30] 
INFO [2025-07-07 10:19:30] $cat.fontfamily
INFO [2025-07-07 10:19:30] [1] "sans"
INFO [2025-07-07 10:19:30] 
INFO [2025-07-07 10:19:30] $rotation
INFO [2025-07-07 10:19:30] [1] 1
INFO [2025-07-07 10:19:30] 
